c:\users\el ales\desktop\aasudokillo\project1\project1\debug\vc141.pdb
c:\users\el ales\desktop\aasudokillo\project1\project1\debug\vc141.idb
c:\users\el ales\desktop\aasudokillo\project1\project1\debug\main.obj
c:\users\el ales\desktop\aasudokillo\project1\project1\debug\sudokulist.obj
c:\users\el ales\desktop\aasudokillo\project1\project1\debug\playerlist.obj
c:\users\el ales\desktop\aasudokillo\project1\project1\debug\player.obj
c:\users\el ales\desktop\aasudokillo\project1\project1\debug\game.obj
c:\users\el ales\desktop\aasudokillo\project1\project1\debug\board.obj
c:\users\el ales\desktop\aasudokillo\project1\project1\debug\set.obj
c:\users\el ales\desktop\aasudokillo\project1\project1\debug\cell.obj
c:\users\el ales\desktop\aasudokillo\project1\debug\project1.exe
c:\users\el ales\desktop\aasudokillo\project1\debug\project1.ilk
c:\users\el ales\desktop\aasudokillo\project1\debug\project1.pdb
c:\users\el ales\desktop\aasudokillo\project1\project1\debug\set.obj.enc
c:\users\el ales\desktop\aasudokillo\project1\project1\debug\project1.tlog\cl.command.1.tlog
c:\users\el ales\desktop\aasudokillo\project1\project1\debug\project1.tlog\cl.read.1.tlog
c:\users\el ales\desktop\aasudokillo\project1\project1\debug\project1.tlog\cl.write.1.tlog
c:\users\el ales\desktop\aasudokillo\project1\project1\debug\project1.tlog\link.command.1.tlog
c:\users\el ales\desktop\aasudokillo\project1\project1\debug\project1.tlog\link.read.1.tlog
c:\users\el ales\desktop\aasudokillo\project1\project1\debug\project1.tlog\link.write.1.tlog
